<?xml version="1.0" encoding="UTF-8"?>
<!-- Generated by org.testng.reporters.JUnitXMLReporter -->
<testsuite hostname="LAPTOP-C6RVM9LF" ignored="0" name="Medic_RegisterPatientDetails" tests="10" failures="0" timestamp="16 Jun 2021 05:45:20 GMT" time="48.294" errors="0">
  <testcase name="a_pageLoad" time="22.146" classname="testngassignments.Medical"/>
  <testcase name="b_logIn" time="6.726" classname="testngassignments.Medical"/>
  <testcase name="c_register" time="15.38" classname="testngassignments.Medical"/>
  <testcase name="d_name" time="0.9" classname="testngassignments.Medical"/>
  <testcase name="e_gender" time="0.409" classname="testngassignments.Medical"/>
  <testcase name="f_birthDay" time="0.772" classname="testngassignments.Medical"/>
  <testcase name="g_address" time="1.03" classname="testngassignments.Medical"/>
  <testcase name="h_phoneNumber" time="0.245" classname="testngassignments.Medical"/>
  <testcase name="i_relatives" time="0.457" classname="testngassignments.Medical"/>
  <testcase name="j_confirm" time="0.114" classname="testngassignments.Medical"/>
</testsuite> <!-- Medic_RegisterPatientDetails -->
