<?xml version="1.0" encoding="UTF-8"?>
<!-- Generated by org.testng.reporters.JUnitXMLReporter -->
<testsuite hostname="LAPTOP-C6RVM9LF" ignored="0" name="PetStore_UserInfo_AccountInfo_PersonalInfo" tests="4" failures="0" timestamp="16 Jun 2021 05:56:34 GMT" time="22.397" errors="0">
  <testcase name="pageLoad" time="15.002" classname="testngassignments.PetStore"/>
  <testcase name="userInfo" time="1.072" classname="testngassignments.PetStore"/>
  <testcase name="accountInfo" time="1.188" classname="testngassignments.PetStore"/>
  <testcase name="personalInfo" time="5.078" classname="testngassignments.PetStore"/>
</testsuite> <!-- PetStore_UserInfo_AccountInfo_PersonalInfo -->
