<?xml version="1.0" encoding="UTF-8"?>
<!-- Generated by org.testng.reporters.JUnitXMLReporter -->
<testsuite hostname="LAPTOP-C6RVM9LF" ignored="0" name="PetStore_UserInfo_PersonalInfo" tests="4" failures="0" timestamp="17 Jun 2021 03:09:32 GMT" time="17.316" errors="0">
  <testcase name="pageLoad" time="9.965" classname="testngassignments.PetStore"/>
  <testcase name="userInfo" time="0.84" classname="testngassignments.PetStore"/>
  <testcase name="accountInfo" time="1.425" classname="testngassignments.PetStore"/>
  <testcase name="personalInfo" time="5.05" classname="testngassignments.PetStore"/>
</testsuite> <!-- PetStore_UserInfo_PersonalInfo -->
