<?xml version="1.0" encoding="UTF-8"?>
<testng-results skipped="0" failed="0" ignored="0" total="2" passed="2">
  <reporter-output>
  </reporter-output>
  <suite name="Default suite" duration-ms="15106" started-at="2021-07-01T13:57:20Z" finished-at="2021-07-01T13:57:35Z">
    <groups>
    </groups>
    <test name="Default test" duration-ms="15106" started-at="2021-07-01T13:57:20Z" finished-at="2021-07-01T13:57:35Z">
      <class name="testngFramework.ExplicitWait">
        <test-method status="PASS" signature="a_pageLoad()[pri:0, instance:testngFramework.ExplicitWait@7f9a81e8]" name="a_pageLoad" duration-ms="5754" started-at="2021-07-01T13:57:20Z" finished-at="2021-07-01T13:57:26Z">
          <reporter-output>
          </reporter-output>
        </test-method> <!-- a_pageLoad -->
        <test-method status="PASS" signature="b_googlesearch()[pri:0, instance:testngFramework.ExplicitWait@7f9a81e8]" name="b_googlesearch" duration-ms="9314" started-at="2021-07-01T13:57:26Z" finished-at="2021-07-01T13:57:35Z">
          <reporter-output>
          </reporter-output>
        </test-method> <!-- b_googlesearch -->
      </class> <!-- testngFramework.ExplicitWait -->
    </test> <!-- Default test -->
  </suite> <!-- Default suite -->
</testng-results>
